<?xml version="1.0" encoding="UTF-8"?>
<!-- Generated by org.testng.reporters.JUnitReportReporter -->
<testsuite skipped="0" hostname="devops-host" name="test.NewTest" tests="1" failures="0" timestamp="14 Sep 2018 15:26:51 GMT" time="15.715" errors="0">
  <testcase name="f" time="15.715" classname="test.NewTest"/>
</testsuite> <!-- test.NewTest -->
